build/app/intermediates/manifest_merge_blame_file/release/manifest-merger-blame-release-report.txt
1<?xml version="1.0" encoding="utf-8"?>
2<manifest xmlns:android="http://schemas.android.com/apk/res/android"
3    package="com.iamconnect"
4    android:versionCode="1"
5    android:versionName="1.0.0" >
6
7    <uses-sdk
8        android:minSdkVersion="21"
8-->src\main\AndroidManifest.xml
9        android:targetSdkVersion="33" />
9-->src\main\AndroidManifest.xml
10
11    <uses-permission android:name="android.permission.INTERNET" />
11-->src\main\AndroidManifest.xml:3:5-67
11-->src\main\AndroidManifest.xml:3:22-64
12    <uses-permission android:name="android.permission.READ_EXTERNAL_STORAGE" />
12-->[:file_picker] AndroidManifest.xml:9:5-80
12-->[:file_picker] AndroidManifest.xml:9:22-77
13
14    <queries>
14-->[:file_picker] AndroidManifest.xml:11:5-17:15
15        <intent>
15-->[:file_picker] AndroidManifest.xml:12:9-16:18
16            <action android:name="android.intent.action.GET_CONTENT" />
16-->[:file_picker] AndroidManifest.xml:13:13-72
16-->[:file_picker] AndroidManifest.xml:13:21-69
17
18            <data android:mimeType="*/*" />
18-->[:file_picker] AndroidManifest.xml:15:13-44
18-->[:file_picker] AndroidManifest.xml:15:19-41
19        </intent>
20        <intent>
20-->[androidx.media2:media2-session:1.2.0] AndroidManifest.xml:25:9-27:18
21            <action android:name="android.media.browse.MediaBrowserService" />
21-->[androidx.media2:media2-session:1.2.0] AndroidManifest.xml:26:13-79
21-->[androidx.media2:media2-session:1.2.0] AndroidManifest.xml:26:21-76
22        </intent>
23        <intent>
23-->[androidx.media2:media2-session:1.2.0] AndroidManifest.xml:28:9-30:18
24            <action android:name="androidx.media2.session.MediaSessionService" />
24-->[androidx.media2:media2-session:1.2.0] AndroidManifest.xml:29:13-82
24-->[androidx.media2:media2-session:1.2.0] AndroidManifest.xml:29:21-79
25        </intent>
26        <intent>
26-->[androidx.media2:media2-session:1.2.0] AndroidManifest.xml:31:9-33:18
27            <action android:name="androidx.media2.session.MediaLibraryService" />
27-->[androidx.media2:media2-session:1.2.0] AndroidManifest.xml:32:13-82
27-->[androidx.media2:media2-session:1.2.0] AndroidManifest.xml:32:21-79
28        </intent>
29    </queries> <!-- Create a unique permission for your app and use it so only your app can receive your OneSignal messages. -->
30    <permission
30-->[com.onesignal:OneSignal:4.8.2] AndroidManifest.xml:7:5-9:47
31        android:name="com.iamconnect.permission.C2D_MESSAGE"
31-->[com.onesignal:OneSignal:4.8.2] AndroidManifest.xml:8:9-63
32        android:protectionLevel="signature" />
32-->[com.onesignal:OneSignal:4.8.2] AndroidManifest.xml:9:9-44
33
34    <uses-permission android:name="com.iamconnect.permission.C2D_MESSAGE" /> <!-- OneSignal SDK has runtime checks Android version. -->
34-->[com.onesignal:OneSignal:4.8.2] AndroidManifest.xml:11:5-79
34-->[com.onesignal:OneSignal:4.8.2] AndroidManifest.xml:11:22-76
35    <!-- <uses-sdk tools:overrideLibrary="android.support.customtabs"/> -->
36    <!-- Required runtime permission to display notifications on Android 13 -->
37    <uses-permission android:name="android.permission.POST_NOTIFICATIONS" /> <!-- c2dm RECEIVE are basic requirements for push messages through Google's FCM -->
37-->[com.onesignal:OneSignal:4.8.2] AndroidManifest.xml:16:5-77
37-->[com.onesignal:OneSignal:4.8.2] AndroidManifest.xml:16:22-74
38    <uses-permission android:name="com.google.android.c2dm.permission.RECEIVE" /> <!-- Required, makes sure notifications are delivered on time. -->
38-->[com.onesignal:OneSignal:4.8.2] AndroidManifest.xml:18:5-82
38-->[com.onesignal:OneSignal:4.8.2] AndroidManifest.xml:18:22-79
39    <uses-permission android:name="android.permission.WAKE_LOCK" />
39-->[com.onesignal:OneSignal:4.8.2] AndroidManifest.xml:19:5-68
39-->[com.onesignal:OneSignal:4.8.2] AndroidManifest.xml:19:22-65
40    <!--
41 Required so the device vibrates on receiving a push notification.
42         Vibration settings of the device still apply.
43    -->
44    <uses-permission android:name="android.permission.VIBRATE" />
44-->[com.onesignal:OneSignal:4.8.2] AndroidManifest.xml:24:5-66
44-->[com.onesignal:OneSignal:4.8.2] AndroidManifest.xml:24:22-63
45    <uses-permission android:name="android.permission.ACCESS_NETWORK_STATE" />
45-->[com.onesignal:OneSignal:4.8.2] AndroidManifest.xml:25:5-79
45-->[com.onesignal:OneSignal:4.8.2] AndroidManifest.xml:25:22-76
46    <!--
47 Use to restore notifications the user hasn't interacted with.
48         They could be missed notifications if the user reboots their device if this isn't in place.
49    -->
50    <uses-permission android:name="android.permission.RECEIVE_BOOT_COMPLETED" /> <!-- START: ShortcutBadger -->
50-->[com.onesignal:OneSignal:4.8.2] AndroidManifest.xml:30:5-81
50-->[com.onesignal:OneSignal:4.8.2] AndroidManifest.xml:30:22-78
51    <!-- Samsung -->
52    <uses-permission android:name="com.sec.android.provider.badge.permission.READ" />
52-->[com.onesignal:OneSignal:4.8.2] AndroidManifest.xml:32:5-86
52-->[com.onesignal:OneSignal:4.8.2] AndroidManifest.xml:32:22-83
53    <uses-permission android:name="com.sec.android.provider.badge.permission.WRITE" /> <!-- HTC -->
53-->[com.onesignal:OneSignal:4.8.2] AndroidManifest.xml:33:5-87
53-->[com.onesignal:OneSignal:4.8.2] AndroidManifest.xml:33:22-84
54    <uses-permission android:name="com.htc.launcher.permission.READ_SETTINGS" />
54-->[com.onesignal:OneSignal:4.8.2] AndroidManifest.xml:34:5-81
54-->[com.onesignal:OneSignal:4.8.2] AndroidManifest.xml:34:22-78
55    <uses-permission android:name="com.htc.launcher.permission.UPDATE_SHORTCUT" /> <!-- Sony -->
55-->[com.onesignal:OneSignal:4.8.2] AndroidManifest.xml:35:5-83
55-->[com.onesignal:OneSignal:4.8.2] AndroidManifest.xml:35:22-80
56    <uses-permission android:name="com.sonyericsson.home.permission.BROADCAST_BADGE" />
56-->[com.onesignal:OneSignal:4.8.2] AndroidManifest.xml:36:5-88
56-->[com.onesignal:OneSignal:4.8.2] AndroidManifest.xml:36:22-85
57    <uses-permission android:name="com.sonymobile.home.permission.PROVIDER_INSERT_BADGE" /> <!-- Apex -->
57-->[com.onesignal:OneSignal:4.8.2] AndroidManifest.xml:37:5-92
57-->[com.onesignal:OneSignal:4.8.2] AndroidManifest.xml:37:22-89
58    <uses-permission android:name="com.anddoes.launcher.permission.UPDATE_COUNT" /> <!-- Solid -->
58-->[com.onesignal:OneSignal:4.8.2] AndroidManifest.xml:38:5-84
58-->[com.onesignal:OneSignal:4.8.2] AndroidManifest.xml:38:22-81
59    <uses-permission android:name="com.majeur.launcher.permission.UPDATE_BADGE" /> <!-- Huawei -->
59-->[com.onesignal:OneSignal:4.8.2] AndroidManifest.xml:39:5-83
59-->[com.onesignal:OneSignal:4.8.2] AndroidManifest.xml:39:22-80
60    <uses-permission android:name="com.huawei.android.launcher.permission.CHANGE_BADGE" />
60-->[com.onesignal:OneSignal:4.8.2] AndroidManifest.xml:40:5-91
60-->[com.onesignal:OneSignal:4.8.2] AndroidManifest.xml:40:22-88
61    <uses-permission android:name="com.huawei.android.launcher.permission.READ_SETTINGS" />
61-->[com.onesignal:OneSignal:4.8.2] AndroidManifest.xml:41:5-92
61-->[com.onesignal:OneSignal:4.8.2] AndroidManifest.xml:41:22-89
62    <uses-permission android:name="com.huawei.android.launcher.permission.WRITE_SETTINGS" /> <!-- ZUK -->
62-->[com.onesignal:OneSignal:4.8.2] AndroidManifest.xml:42:5-93
62-->[com.onesignal:OneSignal:4.8.2] AndroidManifest.xml:42:22-90
63    <uses-permission android:name="android.permission.READ_APP_BADGE" /> <!-- OPPO -->
63-->[com.onesignal:OneSignal:4.8.2] AndroidManifest.xml:43:5-73
63-->[com.onesignal:OneSignal:4.8.2] AndroidManifest.xml:43:22-70
64    <uses-permission android:name="com.oppo.launcher.permission.READ_SETTINGS" />
64-->[com.onesignal:OneSignal:4.8.2] AndroidManifest.xml:44:5-82
64-->[com.onesignal:OneSignal:4.8.2] AndroidManifest.xml:44:22-79
65    <uses-permission android:name="com.oppo.launcher.permission.WRITE_SETTINGS" /> <!-- EvMe -->
65-->[com.onesignal:OneSignal:4.8.2] AndroidManifest.xml:45:5-83
65-->[com.onesignal:OneSignal:4.8.2] AndroidManifest.xml:45:22-80
66    <uses-permission android:name="me.everything.badger.permission.BADGE_COUNT_READ" />
66-->[com.onesignal:OneSignal:4.8.2] AndroidManifest.xml:46:5-88
66-->[com.onesignal:OneSignal:4.8.2] AndroidManifest.xml:46:22-85
67    <uses-permission android:name="me.everything.badger.permission.BADGE_COUNT_WRITE" />
67-->[com.onesignal:OneSignal:4.8.2] AndroidManifest.xml:47:5-89
67-->[com.onesignal:OneSignal:4.8.2] AndroidManifest.xml:47:22-86
68    <uses-permission android:name="android.permission.FOREGROUND_SERVICE" />
68-->[androidx.work:work-runtime:2.7.1] AndroidManifest.xml:28:5-77
68-->[androidx.work:work-runtime:2.7.1] AndroidManifest.xml:28:22-74
69
70    <application
71        android:name="android.app.Application"
71-->src\main\AndroidManifest.xml:8:9-42
72        android:appComponentFactory="androidx.core.app.CoreComponentFactory"
72-->[androidx.core:core:1.8.0] AndroidManifest.xml:24:18-86
73        android:icon="@mipmap/android_launcher"
73-->src\main\AndroidManifest.xml:9:9-48
74        android:label="Connect Social"
74-->src\main\AndroidManifest.xml:5:9-39
75        android:requestLegacyExternalStorage="true"
75-->src\main\AndroidManifest.xml:6:9-52
76        android:usesCleartextTraffic="true" >
76-->src\main\AndroidManifest.xml:7:9-44
77        <activity
77-->src\main\AndroidManifest.xml:10:9-30:20
78            android:name="com.iamconnect.MainActivity"
78-->src\main\AndroidManifest.xml:11:13-41
79            android:configChanges="orientation|keyboardHidden|keyboard|screenSize|smallestScreenSize|locale|layoutDirection|fontScale|screenLayout|density|uiMode"
79-->src\main\AndroidManifest.xml:15:13-163
80            android:exported="true"
80-->src\main\AndroidManifest.xml:12:13-36
81            android:hardwareAccelerated="true"
81-->src\main\AndroidManifest.xml:16:13-47
82            android:launchMode="singleTop"
82-->src\main\AndroidManifest.xml:13:13-43
83            android:theme="@style/LaunchTheme"
83-->src\main\AndroidManifest.xml:14:13-47
84            android:windowSoftInputMode="adjustResize" >
84-->src\main\AndroidManifest.xml:17:13-55
85
86            <!--
87                 Specifies an Android theme to apply to this Activity as soon as
88                 the Android process has started. This theme is visible to the user
89                 while the Flutter UI initializes. After that, this theme continues
90                 to determine the Window background behind the Flutter UI.
91            -->
92            <meta-data
92-->src\main\AndroidManifest.xml:22:13-25:17
93                android:name="io.flutter.embedding.android.NormalTheme"
93-->src\main\AndroidManifest.xml:23:15-70
94                android:resource="@style/NormalTheme" />
94-->src\main\AndroidManifest.xml:24:15-52
95
96            <intent-filter>
96-->src\main\AndroidManifest.xml:26:13-29:29
97                <action android:name="android.intent.action.MAIN" />
97-->src\main\AndroidManifest.xml:27:17-68
97-->src\main\AndroidManifest.xml:27:25-66
98
99                <category android:name="android.intent.category.LAUNCHER" />
99-->src\main\AndroidManifest.xml:28:17-76
99-->src\main\AndroidManifest.xml:28:27-74
100            </intent-filter>
101        </activity>
102        <activity
102-->src\main\AndroidManifest.xml:31:9-34:71
103            android:name="com.yalantis.ucrop.UCropActivity"
103-->src\main\AndroidManifest.xml:32:13-60
104            android:screenOrientation="portrait"
104-->src\main\AndroidManifest.xml:33:13-49
105            android:theme="@style/Theme.AppCompat.Light.NoActionBar" />
105-->src\main\AndroidManifest.xml:34:13-69
106        <!--
107             Don't delete the meta-data below.
108             This is used by the Flutter tool to generate GeneratedPluginRegistrant.java
109        -->
110        <meta-data
110-->src\main\AndroidManifest.xml:37:9-39:33
111            android:name="flutterEmbedding"
111-->src\main\AndroidManifest.xml:38:13-44
112            android:value="2" />
112-->src\main\AndroidManifest.xml:39:13-30
113
114        <provider
114-->[:image_picker_android] AndroidManifest.xml:10:9-18:20
115            android:name="io.flutter.plugins.imagepicker.ImagePickerFileProvider"
115-->[:image_picker_android] AndroidManifest.xml:11:13-82
116            android:authorities="com.iamconnect.flutter.image_provider"
116-->[:image_picker_android] AndroidManifest.xml:12:13-74
117            android:exported="false"
117-->[:image_picker_android] AndroidManifest.xml:13:13-37
118            android:grantUriPermissions="true" >
118-->[:image_picker_android] AndroidManifest.xml:14:13-47
119            <meta-data
119-->[:image_picker_android] AndroidManifest.xml:15:13-17:75
120                android:name="android.support.FILE_PROVIDER_PATHS"
120-->[:image_picker_android] AndroidManifest.xml:16:17-67
121                android:resource="@xml/flutter_image_picker_file_paths" />
121-->[:image_picker_android] AndroidManifest.xml:17:17-72
122        </provider>
123
124        <activity
124-->[:url_launcher_android] AndroidManifest.xml:10:9-13:74
125            android:name="io.flutter.plugins.urllauncher.WebViewActivity"
125-->[:url_launcher_android] AndroidManifest.xml:11:13-74
126            android:exported="false"
126-->[:url_launcher_android] AndroidManifest.xml:12:13-37
127            android:theme="@android:style/Theme.NoTitleBar.Fullscreen" />
127-->[:url_launcher_android] AndroidManifest.xml:13:13-71
128
129        <receiver
129-->[com.onesignal:OneSignal:4.8.2] AndroidManifest.xml:50:9-61:20
130            android:name="com.onesignal.FCMBroadcastReceiver"
130-->[com.onesignal:OneSignal:4.8.2] AndroidManifest.xml:51:13-62
131            android:exported="true"
131-->[com.onesignal:OneSignal:4.8.2] AndroidManifest.xml:52:13-36
132            android:permission="com.google.android.c2dm.permission.SEND" >
132-->[com.onesignal:OneSignal:4.8.2] AndroidManifest.xml:53:13-73
133
134            <!-- High priority so OneSignal payloads can be filtered from other FCM receivers -->
135            <intent-filter android:priority="999" >
135-->[com.onesignal:OneSignal:4.8.2] AndroidManifest.xml:56:13-60:29
135-->[com.onesignal:OneSignal:4.8.2] AndroidManifest.xml:56:28-50
136                <action android:name="com.google.android.c2dm.intent.RECEIVE" />
136-->[com.onesignal:OneSignal:4.8.2] AndroidManifest.xml:57:17-81
136-->[com.onesignal:OneSignal:4.8.2] AndroidManifest.xml:57:25-78
137
138                <category android:name="com.iamconnect" />
138-->[com.onesignal:OneSignal:4.8.2] AndroidManifest.xml:59:17-61
138-->[com.onesignal:OneSignal:4.8.2] AndroidManifest.xml:59:27-58
139            </intent-filter>
140        </receiver>
141
142        <service
142-->[com.onesignal:OneSignal:4.8.2] AndroidManifest.xml:63:9-69:19
143            android:name="com.onesignal.HmsMessageServiceOneSignal"
143-->[com.onesignal:OneSignal:4.8.2] AndroidManifest.xml:64:13-68
144            android:exported="false" >
144-->[com.onesignal:OneSignal:4.8.2] AndroidManifest.xml:65:13-37
145            <intent-filter>
145-->[com.onesignal:OneSignal:4.8.2] AndroidManifest.xml:66:13-68:29
146                <action android:name="com.huawei.push.action.MESSAGING_EVENT" />
146-->[com.onesignal:OneSignal:4.8.2] AndroidManifest.xml:67:17-81
146-->[com.onesignal:OneSignal:4.8.2] AndroidManifest.xml:67:25-78
147            </intent-filter>
148        </service>
149
150        <activity
150-->[com.onesignal:OneSignal:4.8.2] AndroidManifest.xml:71:9-79:20
151            android:name="com.onesignal.NotificationOpenedActivityHMS"
151-->[com.onesignal:OneSignal:4.8.2] AndroidManifest.xml:72:13-71
152            android:exported="true"
152-->[com.onesignal:OneSignal:4.8.2] AndroidManifest.xml:73:13-36
153            android:noHistory="true"
153-->[com.onesignal:OneSignal:4.8.2] AndroidManifest.xml:74:13-37
154            android:theme="@android:style/Theme.Translucent.NoTitleBar" >
154-->[com.onesignal:OneSignal:4.8.2] AndroidManifest.xml:75:13-72
155            <intent-filter>
155-->[com.onesignal:OneSignal:4.8.2] AndroidManifest.xml:76:13-78:29
156                <action android:name="android.intent.action.VIEW" />
156-->[com.onesignal:OneSignal:4.8.2] AndroidManifest.xml:77:17-69
156-->[com.onesignal:OneSignal:4.8.2] AndroidManifest.xml:77:25-66
157            </intent-filter>
158        </activity>
159
160        <service
160-->[com.onesignal:OneSignal:4.8.2] AndroidManifest.xml:81:9-83:40
161            android:name="com.onesignal.FCMIntentService"
161-->[com.onesignal:OneSignal:4.8.2] AndroidManifest.xml:82:13-58
162            android:exported="false" />
162-->[com.onesignal:OneSignal:4.8.2] AndroidManifest.xml:83:13-37
163        <service
163-->[com.onesignal:OneSignal:4.8.2] AndroidManifest.xml:84:9-87:72
164            android:name="com.onesignal.FCMIntentJobService"
164-->[com.onesignal:OneSignal:4.8.2] AndroidManifest.xml:85:13-61
165            android:exported="false"
165-->[com.onesignal:OneSignal:4.8.2] AndroidManifest.xml:86:13-37
166            android:permission="android.permission.BIND_JOB_SERVICE" />
166-->[com.onesignal:OneSignal:4.8.2] AndroidManifest.xml:87:13-69
167        <service
167-->[com.onesignal:OneSignal:4.8.2] AndroidManifest.xml:88:9-91:43
168            android:name="com.onesignal.SyncService"
168-->[com.onesignal:OneSignal:4.8.2] AndroidManifest.xml:89:13-53
169            android:exported="false"
169-->[com.onesignal:OneSignal:4.8.2] AndroidManifest.xml:90:13-37
170            android:stopWithTask="true" />
170-->[com.onesignal:OneSignal:4.8.2] AndroidManifest.xml:91:13-40
171        <service
171-->[com.onesignal:OneSignal:4.8.2] AndroidManifest.xml:92:9-95:72
172            android:name="com.onesignal.SyncJobService"
172-->[com.onesignal:OneSignal:4.8.2] AndroidManifest.xml:93:13-56
173            android:exported="false"
173-->[com.onesignal:OneSignal:4.8.2] AndroidManifest.xml:94:13-37
174            android:permission="android.permission.BIND_JOB_SERVICE" />
174-->[com.onesignal:OneSignal:4.8.2] AndroidManifest.xml:95:13-69
175
176        <activity
176-->[com.onesignal:OneSignal:4.8.2] AndroidManifest.xml:97:9-100:75
177            android:name="com.onesignal.PermissionsActivity"
177-->[com.onesignal:OneSignal:4.8.2] AndroidManifest.xml:98:13-61
178            android:exported="false"
178-->[com.onesignal:OneSignal:4.8.2] AndroidManifest.xml:99:13-37
179            android:theme="@android:style/Theme.Translucent.NoTitleBar" />
179-->[com.onesignal:OneSignal:4.8.2] AndroidManifest.xml:100:13-72
180
181        <receiver
181-->[com.onesignal:OneSignal:4.8.2] AndroidManifest.xml:102:9-104:39
182            android:name="com.onesignal.NotificationDismissReceiver"
182-->[com.onesignal:OneSignal:4.8.2] AndroidManifest.xml:103:13-69
183            android:exported="true" />
183-->[com.onesignal:OneSignal:4.8.2] AndroidManifest.xml:104:13-36
184        <receiver
184-->[com.onesignal:OneSignal:4.8.2] AndroidManifest.xml:105:9-112:20
185            android:name="com.onesignal.BootUpReceiver"
185-->[com.onesignal:OneSignal:4.8.2] AndroidManifest.xml:106:13-56
186            android:exported="true" >
186-->[com.onesignal:OneSignal:4.8.2] AndroidManifest.xml:107:13-36
187            <intent-filter>
187-->[com.onesignal:OneSignal:4.8.2] AndroidManifest.xml:108:13-111:29
188                <action android:name="android.intent.action.BOOT_COMPLETED" />
188-->[com.onesignal:OneSignal:4.8.2] AndroidManifest.xml:109:17-79
188-->[com.onesignal:OneSignal:4.8.2] AndroidManifest.xml:109:25-76
189                <action android:name="android.intent.action.QUICKBOOT_POWERON" />
189-->[com.onesignal:OneSignal:4.8.2] AndroidManifest.xml:110:17-82
189-->[com.onesignal:OneSignal:4.8.2] AndroidManifest.xml:110:25-79
190            </intent-filter>
191        </receiver>
192        <receiver
192-->[com.onesignal:OneSignal:4.8.2] AndroidManifest.xml:113:9-119:20
193            android:name="com.onesignal.UpgradeReceiver"
193-->[com.onesignal:OneSignal:4.8.2] AndroidManifest.xml:114:13-57
194            android:exported="true" >
194-->[com.onesignal:OneSignal:4.8.2] AndroidManifest.xml:115:13-36
195            <intent-filter>
195-->[com.onesignal:OneSignal:4.8.2] AndroidManifest.xml:116:13-118:29
196                <action android:name="android.intent.action.MY_PACKAGE_REPLACED" />
196-->[com.onesignal:OneSignal:4.8.2] AndroidManifest.xml:117:17-84
196-->[com.onesignal:OneSignal:4.8.2] AndroidManifest.xml:117:25-81
197            </intent-filter>
198        </receiver>
199
200        <activity
200-->[com.onesignal:OneSignal:4.8.2] AndroidManifest.xml:121:9-127:75
201            android:name="com.onesignal.NotificationOpenedReceiver"
201-->[com.onesignal:OneSignal:4.8.2] AndroidManifest.xml:122:13-68
202            android:excludeFromRecents="true"
202-->[com.onesignal:OneSignal:4.8.2] AndroidManifest.xml:123:13-46
203            android:exported="true"
203-->[com.onesignal:OneSignal:4.8.2] AndroidManifest.xml:124:13-36
204            android:noHistory="true"
204-->[com.onesignal:OneSignal:4.8.2] AndroidManifest.xml:125:13-37
205            android:taskAffinity=""
205-->[com.onesignal:OneSignal:4.8.2] AndroidManifest.xml:126:13-36
206            android:theme="@android:style/Theme.Translucent.NoTitleBar" />
206-->[com.onesignal:OneSignal:4.8.2] AndroidManifest.xml:127:13-72
207        <activity
207-->[com.onesignal:OneSignal:4.8.2] AndroidManifest.xml:128:9-133:75
208            android:name="com.onesignal.NotificationOpenedReceiverAndroid22AndOlder"
208-->[com.onesignal:OneSignal:4.8.2] AndroidManifest.xml:129:13-85
209            android:excludeFromRecents="true"
209-->[com.onesignal:OneSignal:4.8.2] AndroidManifest.xml:130:13-46
210            android:exported="true"
210-->[com.onesignal:OneSignal:4.8.2] AndroidManifest.xml:131:13-36
211            android:noHistory="true"
211-->[com.onesignal:OneSignal:4.8.2] AndroidManifest.xml:132:13-37
212            android:theme="@android:style/Theme.Translucent.NoTitleBar" />
212-->[com.onesignal:OneSignal:4.8.2] AndroidManifest.xml:133:13-72
213
214        <uses-library
214-->[androidx.window:window:1.0.0-beta04] AndroidManifest.xml:25:9-27:40
215            android:name="androidx.window.extensions"
215-->[androidx.window:window:1.0.0-beta04] AndroidManifest.xml:26:13-54
216            android:required="false" />
216-->[androidx.window:window:1.0.0-beta04] AndroidManifest.xml:27:13-37
217        <uses-library
217-->[androidx.window:window:1.0.0-beta04] AndroidManifest.xml:28:9-30:40
218            android:name="androidx.window.sidecar"
218-->[androidx.window:window:1.0.0-beta04] AndroidManifest.xml:29:13-51
219            android:required="false" />
219-->[androidx.window:window:1.0.0-beta04] AndroidManifest.xml:30:13-37
220
221        <receiver
221-->[com.google.firebase:firebase-messaging:22.0.0] AndroidManifest.xml:28:9-35:20
222            android:name="com.google.firebase.iid.FirebaseInstanceIdReceiver"
222-->[com.google.firebase:firebase-messaging:22.0.0] AndroidManifest.xml:29:13-78
223            android:exported="true"
223-->[com.google.firebase:firebase-messaging:22.0.0] AndroidManifest.xml:30:13-36
224            android:permission="com.google.android.c2dm.permission.SEND" >
224-->[com.google.firebase:firebase-messaging:22.0.0] AndroidManifest.xml:31:13-73
225            <intent-filter>
225-->[com.google.firebase:firebase-messaging:22.0.0] AndroidManifest.xml:32:13-34:29
226                <action android:name="com.google.android.c2dm.intent.RECEIVE" />
226-->[com.onesignal:OneSignal:4.8.2] AndroidManifest.xml:57:17-81
226-->[com.onesignal:OneSignal:4.8.2] AndroidManifest.xml:57:25-78
227            </intent-filter>
228        </receiver>
229        <!--
230             FirebaseMessagingService performs security checks at runtime,
231             but set to not exported to explicitly avoid allowing another app to call it.
232        -->
233        <service
233-->[com.google.firebase:firebase-messaging:22.0.0] AndroidManifest.xml:41:9-48:19
234            android:name="com.google.firebase.messaging.FirebaseMessagingService"
234-->[com.google.firebase:firebase-messaging:22.0.0] AndroidManifest.xml:42:13-82
235            android:directBootAware="true"
235-->[com.google.firebase:firebase-messaging:22.0.0] AndroidManifest.xml:43:13-43
236            android:exported="false" >
236-->[com.google.firebase:firebase-messaging:22.0.0] AndroidManifest.xml:44:13-37
237            <intent-filter android:priority="-500" >
237-->[com.google.firebase:firebase-messaging:22.0.0] AndroidManifest.xml:45:13-47:29
237-->[com.google.firebase:firebase-messaging:22.0.0] AndroidManifest.xml:45:28-51
238                <action android:name="com.google.firebase.MESSAGING_EVENT" />
238-->[com.google.firebase:firebase-messaging:22.0.0] AndroidManifest.xml:46:17-78
238-->[com.google.firebase:firebase-messaging:22.0.0] AndroidManifest.xml:46:25-75
239            </intent-filter>
240        </service>
241        <service
241-->[com.google.firebase:firebase-messaging:22.0.0] AndroidManifest.xml:49:9-55:19
242            android:name="com.google.firebase.components.ComponentDiscoveryService"
242-->[com.google.firebase:firebase-messaging:22.0.0] AndroidManifest.xml:50:13-84
243            android:directBootAware="true"
243-->[com.google.firebase:firebase-common:20.0.0] AndroidManifest.xml:35:13-43
244            android:exported="false" >
244-->[com.google.firebase:firebase-messaging:22.0.0] AndroidManifest.xml:51:13-37
245            <meta-data
245-->[com.google.firebase:firebase-messaging:22.0.0] AndroidManifest.xml:52:13-54:85
246                android:name="com.google.firebase.components:com.google.firebase.messaging.FirebaseMessagingRegistrar"
246-->[com.google.firebase:firebase-messaging:22.0.0] AndroidManifest.xml:53:17-119
247                android:value="com.google.firebase.components.ComponentRegistrar" />
247-->[com.google.firebase:firebase-messaging:22.0.0] AndroidManifest.xml:54:17-82
248            <meta-data
248-->[com.google.firebase:firebase-datatransport:18.0.0] AndroidManifest.xml:28:13-30:85
249                android:name="com.google.firebase.components:com.google.firebase.datatransport.TransportRegistrar"
249-->[com.google.firebase:firebase-datatransport:18.0.0] AndroidManifest.xml:29:17-115
250                android:value="com.google.firebase.components.ComponentRegistrar" />
250-->[com.google.firebase:firebase-datatransport:18.0.0] AndroidManifest.xml:30:17-82
251            <meta-data
251-->[com.google.firebase:firebase-installations:17.0.0] AndroidManifest.xml:18:13-20:85
252                android:name="com.google.firebase.components:com.google.firebase.installations.FirebaseInstallationsRegistrar"
252-->[com.google.firebase:firebase-installations:17.0.0] AndroidManifest.xml:19:17-127
253                android:value="com.google.firebase.components.ComponentRegistrar" />
253-->[com.google.firebase:firebase-installations:17.0.0] AndroidManifest.xml:20:17-82
254        </service>
255
256        <provider
256-->[androidx.work:work-runtime:2.7.1] AndroidManifest.xml:31:9-39:20
257            android:name="androidx.startup.InitializationProvider"
257-->[androidx.work:work-runtime:2.7.1] AndroidManifest.xml:32:13-67
258            android:authorities="com.iamconnect.androidx-startup"
258-->[androidx.work:work-runtime:2.7.1] AndroidManifest.xml:33:13-68
259            android:exported="false" >
259-->[androidx.work:work-runtime:2.7.1] AndroidManifest.xml:34:13-37
260            <meta-data
260-->[androidx.work:work-runtime:2.7.1] AndroidManifest.xml:36:13-38:52
261                android:name="androidx.work.WorkManagerInitializer"
261-->[androidx.work:work-runtime:2.7.1] AndroidManifest.xml:37:17-68
262                android:value="androidx.startup" />
262-->[androidx.work:work-runtime:2.7.1] AndroidManifest.xml:38:17-49
263        </provider>
264
265        <service
265-->[androidx.work:work-runtime:2.7.1] AndroidManifest.xml:41:9-46:35
266            android:name="androidx.work.impl.background.systemalarm.SystemAlarmService"
266-->[androidx.work:work-runtime:2.7.1] AndroidManifest.xml:42:13-88
267            android:directBootAware="false"
267-->[androidx.work:work-runtime:2.7.1] AndroidManifest.xml:43:13-44
268            android:enabled="@bool/enable_system_alarm_service_default"
268-->[androidx.work:work-runtime:2.7.1] AndroidManifest.xml:44:13-72
269            android:exported="false" />
269-->[androidx.work:work-runtime:2.7.1] AndroidManifest.xml:45:13-37
270        <service
270-->[androidx.work:work-runtime:2.7.1] AndroidManifest.xml:47:9-53:35
271            android:name="androidx.work.impl.background.systemjob.SystemJobService"
271-->[androidx.work:work-runtime:2.7.1] AndroidManifest.xml:48:13-84
272            android:directBootAware="false"
272-->[androidx.work:work-runtime:2.7.1] AndroidManifest.xml:49:13-44
273            android:enabled="@bool/enable_system_job_service_default"
273-->[androidx.work:work-runtime:2.7.1] AndroidManifest.xml:50:13-70
274            android:exported="true"
274-->[androidx.work:work-runtime:2.7.1] AndroidManifest.xml:51:13-36
275            android:permission="android.permission.BIND_JOB_SERVICE" />
275-->[androidx.work:work-runtime:2.7.1] AndroidManifest.xml:52:13-69
276        <service
276-->[androidx.work:work-runtime:2.7.1] AndroidManifest.xml:54:9-59:35
277            android:name="androidx.work.impl.foreground.SystemForegroundService"
277-->[androidx.work:work-runtime:2.7.1] AndroidManifest.xml:55:13-81
278            android:directBootAware="false"
278-->[androidx.work:work-runtime:2.7.1] AndroidManifest.xml:56:13-44
279            android:enabled="@bool/enable_system_foreground_service_default"
279-->[androidx.work:work-runtime:2.7.1] AndroidManifest.xml:57:13-77
280            android:exported="false" />
280-->[androidx.work:work-runtime:2.7.1] AndroidManifest.xml:58:13-37
281
282        <receiver